<?xml version="1.0" encoding="UTF-8"?>
<testsuite xmlns:xsi="http://www.w3.org/2001/XMLSchema-instance" xsi:schemaLocation="https://maven.apache.org/surefire/maven-surefire-plugin/xsd/surefire-test-report.xsd" name="org.mule.extension.BasicOperationsTestCase" time="7.466" tests="2" errors="2" skipped="0" failures="0">
  <properties>
    <property name="java.runtime.name" value="Java(TM) SE Runtime Environment"/>
    <property name="sun.boot.library.path" value="C:\Program Files\Java\jdk1.8.0_202\jre\bin"/>
    <property name="java.vm.version" value="25.202-b08"/>
    <property name="java.vm.vendor" value="Oracle Corporation"/>
    <property name="maven.multiModuleProjectDirectory" value="C:\Conector1\mule-basic-extension"/>
    <property name="java.vendor.url" value="http://java.oracle.com/"/>
    <property name="path.separator" value=";"/>
    <property name="guice.disable.misplaced.annotation.check" value="true"/>
    <property name="java.vm.name" value="Java HotSpot(TM) 64-Bit Server VM"/>
    <property name="file.encoding.pkg" value="sun.io"/>
    <property name="user.script" value=""/>
    <property name="user.country" value="ES"/>
    <property name="sun.java.launcher" value="SUN_STANDARD"/>
    <property name="sun.os.patch.level" value=""/>
    <property name="java.vm.specification.name" value="Java Virtual Machine Specification"/>
    <property name="user.dir" value="C:\Conector1\mule-basic-extension"/>
    <property name="java.runtime.version" value="1.8.0_202-b08"/>
    <property name="java.awt.graphicsenv" value="sun.awt.Win32GraphicsEnvironment"/>
    <property name="java.endorsed.dirs" value="C:\Program Files\Java\jdk1.8.0_202\jre\lib\endorsed"/>
    <property name="os.arch" value="amd64"/>
    <property name="java.io.tmpdir" value="C:\Users\Vir\AppData\Local\Temp\"/>
    <property name="line.separator" value="&#10;"/>
    <property name="java.vm.specification.vendor" value="Oracle Corporation"/>
    <property name="user.variant" value=""/>
    <property name="os.name" value="Windows 10"/>
    <property name="classworlds.conf" value="C:\apache-maven-3.8.6-bin\apache-maven-3.8.6\bin\m2.conf"/>
    <property name="sun.jnu.encoding" value="Cp1252"/>
    <property name="java.library.path" value="C:\Program Files\Java\jdk1.8.0_202\bin;C:\Windows\Sun\Java\bin;C:\Windows\system32;C:\Windows;C:\Program Files (x86)\Common Files\Oracle\Java\javapath;C:\Python310\Scripts\;C:\Python310\;C:\Windows\system32;C:\Windows;C:\Windows\System32\Wbem;C:\Windows\System32\WindowsPowerShell\v1.0\;C:\Windows\System32\OpenSSH\;C:\Program Files\PuTTY\;C:\Program Files\nodejs\;C:\ProgramData\chocolatey\bin;C:\Users\Vir\.jdks\openjdk-16.0.2\bin;C:\apache-maven-3.8.6-bin\apache-maven-3.8.6\bin;C:\Program Files\dotnet\;C:\Program Files\Microsoft SQL Server\130\Tools\Binn\;C:\Program Files\Microsoft SQL Server\Client SDK\ODBC\170\Tools\Binn\;C:\Program Files\Git\cmd;C:\Users\Vir\AppData\Local\Programs\Python\Python39\Scripts\;C:\Users\Vir\AppData\Local\Programs\Python\Python39\;C:\Users\Vir\AppData\Local\Microsoft\WindowsApps;C:\Users\Vir\AppData\Local\Programs\Microsoft VS Code\bin;C:\Program Files\JetBrains\IntelliJ IDEA Community Edition 2021.2.1\bin;;C:\Program Files (x86)\Nmap;C:\Program Files\JetBrains\PyCharm Community Edition 2021.3.3\bin;;C:\Users\Vir\AppData\Roaming\npm;%MAVEN_HOME%\bin;C:\Users\Vir\.dotnet\tools;."/>
    <property name="maven.conf" value="C:\apache-maven-3.8.6-bin\apache-maven-3.8.6/conf"/>
    <property name="java.specification.name" value="Java Platform API Specification"/>
    <property name="java.class.version" value="52.0"/>
    <property name="sun.management.compiler" value="HotSpot 64-Bit Tiered Compilers"/>
    <property name="os.version" value="10.0"/>
    <property name="library.jansi.path" value="C:\apache-maven-3.8.6-bin\apache-maven-3.8.6\lib\jansi-native"/>
    <property name="user.home" value="C:\Users\Vir"/>
    <property name="user.timezone" value="America/Buenos_Aires"/>
    <property name="java.awt.printerjob" value="sun.awt.windows.WPrinterJob"/>
    <property name="java.specification.version" value="1.8"/>
    <property name="file.encoding" value="Cp1252"/>
    <property name="user.name" value="Vir"/>
    <property name="java.class.path" value="C:\apache-maven-3.8.6-bin\apache-maven-3.8.6\boot\plexus-classworlds-2.6.0.jar"/>
    <property name="exportedPackagesValidator.skip" value="false"/>
    <property name="java.vm.specification.version" value="1.8"/>
    <property name="sun.arch.data.model" value="64"/>
    <property name="java.home" value="C:\Program Files\Java\jdk1.8.0_202\jre"/>
    <property name="sun.java.command" value="org.codehaus.plexus.classworlds.launcher.Launcher clean install"/>
    <property name="java.specification.vendor" value="Oracle Corporation"/>
    <property name="user.language" value="es"/>
    <property name="awt.toolkit" value="sun.awt.windows.WToolkit"/>
    <property name="java.vm.info" value="mixed mode"/>
    <property name="java.version" value="1.8.0_202"/>
    <property name="java.ext.dirs" value="C:\Program Files\Java\jdk1.8.0_202\jre\lib\ext;C:\Windows\Sun\Java\lib\ext"/>
    <property name="sun.boot.class.path" value="C:\Program Files\Java\jdk1.8.0_202\jre\lib\resources.jar;C:\Program Files\Java\jdk1.8.0_202\jre\lib\rt.jar;C:\Program Files\Java\jdk1.8.0_202\jre\lib\sunrsasign.jar;C:\Program Files\Java\jdk1.8.0_202\jre\lib\jsse.jar;C:\Program Files\Java\jdk1.8.0_202\jre\lib\jce.jar;C:\Program Files\Java\jdk1.8.0_202\jre\lib\charsets.jar;C:\Program Files\Java\jdk1.8.0_202\jre\lib\jfr.jar;C:\Program Files\Java\jdk1.8.0_202\jre\classes"/>
    <property name="sun.stderr.encoding" value="cp850"/>
    <property name="java.vendor" value="Oracle Corporation"/>
    <property name="maven.home" value="C:\apache-maven-3.8.6-bin\apache-maven-3.8.6"/>
    <property name="file.separator" value="\"/>
    <property name="java.vendor.url.bug" value="http://bugreport.sun.com/bugreport/"/>
    <property name="exportedPackagesValidator.strictValidation" value="false"/>
    <property name="sun.cpu.endian" value="little"/>
    <property name="sun.io.unicode.encoding" value="UnicodeLittle"/>
    <property name="sun.stdout.encoding" value="cp850"/>
    <property name="sun.desktop" value="windows"/>
    <property name="sun.cpu.isalist" value="amd64"/>
  </properties>
  <testcase name="executeRetrieveInfoOperation" classname="org.mule.extension.BasicOperationsTestCase" time="1.137">
    <error message="There were &apos;6&apos; errors while parsing the given file &apos;test-mule-config.xml&apos;.&#10;Full list:&#10;org.xml.sax.SAXParseException; lineNumber: 7; columnNumber: 53; cvc-complex-type.3.2.2: No está permitido que el atributo &apos;configId&apos; aparezca en el elemento &apos;basic:config&apos;.&#10;org.xml.sax.SAXParseException; lineNumber: 7; columnNumber: 53; cvc-complex-type.4: El atributo &apos;protocol&apos; debe aparecer en el elemento &apos;basic:config&apos;.&#10;org.xml.sax.SAXParseException; lineNumber: 7; columnNumber: 53; cvc-complex-type.4: El atributo &apos;host&apos; debe aparecer en el elemento &apos;basic:config&apos;.&#10;org.xml.sax.SAXParseException; lineNumber: 7; columnNumber: 53; cvc-complex-type.4: El atributo &apos;port&apos; debe aparecer en el elemento &apos;basic:config&apos;.&#10;org.xml.sax.SAXParseException; lineNumber: 12; columnNumber: 50; cvc-complex-type.2.4.a: Se ha encontrado contenido no válido a partir del elemento &apos;basic:say-hi&apos;. Se esperaba uno de &apos;{&quot;http://www.mulesoft.org/schema/mule/core&quot;:annotations, &quot;http://www.mulesoft.org/schema/mule/core&quot;:description, &quot;http://www.mulesoft.org/schema/mule/core&quot;:abstract-message-source, &quot;http://www.mulesoft.org/schema/mule/core&quot;:abstract-message-processor, &quot;http://www.mulesoft.org/schema/mule/core&quot;:abstract-mixed-content-message-processor, &quot;http://www.mulesoft.org/schema/mule/core&quot;:response}&apos;.&#10;org.xml.sax.SAXParseException; lineNumber: 16; columnNumber: 51; cvc-complex-type.2.4.a: Se ha encontrado contenido no válido a partir del elemento &apos;basic:retrieve-info&apos;. Se esperaba uno de &apos;{&quot;http://www.mulesoft.org/schema/mule/core&quot;:annotations, &quot;http://www.mulesoft.org/schema/mule/core&quot;:description, &quot;http://www.mulesoft.org/schema/mule/core&quot;:abstract-message-source, &quot;http://www.mulesoft.org/schema/mule/core&quot;:abstract-message-processor, &quot;http://www.mulesoft.org/schema/mule/core&quot;:abstract-mixed-content-message-processor, &quot;http://www.mulesoft.org/schema/mule/core&quot;:response}&apos;.&#10;" type="org.mule.runtime.core.api.config.ConfigurationException">org.mule.runtime.core.api.config.ConfigurationException: 
There were '6' errors while parsing the given file 'test-mule-config.xml'.
Full list:
org.xml.sax.SAXParseException; lineNumber: 7; columnNumber: 53; cvc-complex-type.3.2.2: No está permitido que el atributo 'configId' aparezca en el elemento 'basic:config'.
org.xml.sax.SAXParseException; lineNumber: 7; columnNumber: 53; cvc-complex-type.4: El atributo 'protocol' debe aparecer en el elemento 'basic:config'.
org.xml.sax.SAXParseException; lineNumber: 7; columnNumber: 53; cvc-complex-type.4: El atributo 'host' debe aparecer en el elemento 'basic:config'.
org.xml.sax.SAXParseException; lineNumber: 7; columnNumber: 53; cvc-complex-type.4: El atributo 'port' debe aparecer en el elemento 'basic:config'.
org.xml.sax.SAXParseException; lineNumber: 12; columnNumber: 50; cvc-complex-type.2.4.a: Se ha encontrado contenido no válido a partir del elemento 'basic:say-hi'. Se esperaba uno de '{"http://www.mulesoft.org/schema/mule/core":annotations, "http://www.mulesoft.org/schema/mule/core":description, "http://www.mulesoft.org/schema/mule/core":abstract-message-source, "http://www.mulesoft.org/schema/mule/core":abstract-message-processor, "http://www.mulesoft.org/schema/mule/core":abstract-mixed-content-message-processor, "http://www.mulesoft.org/schema/mule/core":response}'.
org.xml.sax.SAXParseException; lineNumber: 16; columnNumber: 51; cvc-complex-type.2.4.a: Se ha encontrado contenido no válido a partir del elemento 'basic:retrieve-info'. Se esperaba uno de '{"http://www.mulesoft.org/schema/mule/core":annotations, "http://www.mulesoft.org/schema/mule/core":description, "http://www.mulesoft.org/schema/mule/core":abstract-message-source, "http://www.mulesoft.org/schema/mule/core":abstract-message-processor, "http://www.mulesoft.org/schema/mule/core":abstract-mixed-content-message-processor, "http://www.mulesoft.org/schema/mule/core":response}'.

Caused by: org.mule.runtime.api.exception.MuleRuntimeException: 
There were '6' errors while parsing the given file 'test-mule-config.xml'.
Full list:
org.xml.sax.SAXParseException; lineNumber: 7; columnNumber: 53; cvc-complex-type.3.2.2: No está permitido que el atributo 'configId' aparezca en el elemento 'basic:config'.
org.xml.sax.SAXParseException; lineNumber: 7; columnNumber: 53; cvc-complex-type.4: El atributo 'protocol' debe aparecer en el elemento 'basic:config'.
org.xml.sax.SAXParseException; lineNumber: 7; columnNumber: 53; cvc-complex-type.4: El atributo 'host' debe aparecer en el elemento 'basic:config'.
org.xml.sax.SAXParseException; lineNumber: 7; columnNumber: 53; cvc-complex-type.4: El atributo 'port' debe aparecer en el elemento 'basic:config'.
org.xml.sax.SAXParseException; lineNumber: 12; columnNumber: 50; cvc-complex-type.2.4.a: Se ha encontrado contenido no válido a partir del elemento 'basic:say-hi'. Se esperaba uno de '{"http://www.mulesoft.org/schema/mule/core":annotations, "http://www.mulesoft.org/schema/mule/core":description, "http://www.mulesoft.org/schema/mule/core":abstract-message-source, "http://www.mulesoft.org/schema/mule/core":abstract-message-processor, "http://www.mulesoft.org/schema/mule/core":abstract-mixed-content-message-processor, "http://www.mulesoft.org/schema/mule/core":response}'.
org.xml.sax.SAXParseException; lineNumber: 16; columnNumber: 51; cvc-complex-type.2.4.a: Se ha encontrado contenido no válido a partir del elemento 'basic:retrieve-info'. Se esperaba uno de '{"http://www.mulesoft.org/schema/mule/core":annotations, "http://www.mulesoft.org/schema/mule/core":description, "http://www.mulesoft.org/schema/mule/core":abstract-message-source, "http://www.mulesoft.org/schema/mule/core":abstract-message-processor, "http://www.mulesoft.org/schema/mule/core":abstract-mixed-content-message-processor, "http://www.mulesoft.org/schema/mule/core":response}'.

</error>
    <system-out><![CDATA[
================================================================================
= Testing: executeRetrieveInfoOperation                                        =
================================================================================
]]></system-out>
  </testcase>
  <testcase name="executeSayHiOperation" classname="org.mule.extension.BasicOperationsTestCase" time="0.161">
    <error message="There were &apos;6&apos; errors while parsing the given file &apos;test-mule-config.xml&apos;.&#10;Full list:&#10;org.xml.sax.SAXParseException; lineNumber: 7; columnNumber: 53; cvc-complex-type.3.2.2: No está permitido que el atributo &apos;configId&apos; aparezca en el elemento &apos;basic:config&apos;.&#10;org.xml.sax.SAXParseException; lineNumber: 7; columnNumber: 53; cvc-complex-type.4: El atributo &apos;protocol&apos; debe aparecer en el elemento &apos;basic:config&apos;.&#10;org.xml.sax.SAXParseException; lineNumber: 7; columnNumber: 53; cvc-complex-type.4: El atributo &apos;host&apos; debe aparecer en el elemento &apos;basic:config&apos;.&#10;org.xml.sax.SAXParseException; lineNumber: 7; columnNumber: 53; cvc-complex-type.4: El atributo &apos;port&apos; debe aparecer en el elemento &apos;basic:config&apos;.&#10;org.xml.sax.SAXParseException; lineNumber: 12; columnNumber: 50; cvc-complex-type.2.4.a: Se ha encontrado contenido no válido a partir del elemento &apos;basic:say-hi&apos;. Se esperaba uno de &apos;{&quot;http://www.mulesoft.org/schema/mule/core&quot;:annotations, &quot;http://www.mulesoft.org/schema/mule/core&quot;:description, &quot;http://www.mulesoft.org/schema/mule/core&quot;:abstract-message-source, &quot;http://www.mulesoft.org/schema/mule/core&quot;:abstract-message-processor, &quot;http://www.mulesoft.org/schema/mule/core&quot;:abstract-mixed-content-message-processor, &quot;http://www.mulesoft.org/schema/mule/core&quot;:response}&apos;.&#10;org.xml.sax.SAXParseException; lineNumber: 16; columnNumber: 51; cvc-complex-type.2.4.a: Se ha encontrado contenido no válido a partir del elemento &apos;basic:retrieve-info&apos;. Se esperaba uno de &apos;{&quot;http://www.mulesoft.org/schema/mule/core&quot;:annotations, &quot;http://www.mulesoft.org/schema/mule/core&quot;:description, &quot;http://www.mulesoft.org/schema/mule/core&quot;:abstract-message-source, &quot;http://www.mulesoft.org/schema/mule/core&quot;:abstract-message-processor, &quot;http://www.mulesoft.org/schema/mule/core&quot;:abstract-mixed-content-message-processor, &quot;http://www.mulesoft.org/schema/mule/core&quot;:response}&apos;.&#10;" type="org.mule.runtime.core.api.config.ConfigurationException">org.mule.runtime.core.api.config.ConfigurationException: 
There were '6' errors while parsing the given file 'test-mule-config.xml'.
Full list:
org.xml.sax.SAXParseException; lineNumber: 7; columnNumber: 53; cvc-complex-type.3.2.2: No está permitido que el atributo 'configId' aparezca en el elemento 'basic:config'.
org.xml.sax.SAXParseException; lineNumber: 7; columnNumber: 53; cvc-complex-type.4: El atributo 'protocol' debe aparecer en el elemento 'basic:config'.
org.xml.sax.SAXParseException; lineNumber: 7; columnNumber: 53; cvc-complex-type.4: El atributo 'host' debe aparecer en el elemento 'basic:config'.
org.xml.sax.SAXParseException; lineNumber: 7; columnNumber: 53; cvc-complex-type.4: El atributo 'port' debe aparecer en el elemento 'basic:config'.
org.xml.sax.SAXParseException; lineNumber: 12; columnNumber: 50; cvc-complex-type.2.4.a: Se ha encontrado contenido no válido a partir del elemento 'basic:say-hi'. Se esperaba uno de '{"http://www.mulesoft.org/schema/mule/core":annotations, "http://www.mulesoft.org/schema/mule/core":description, "http://www.mulesoft.org/schema/mule/core":abstract-message-source, "http://www.mulesoft.org/schema/mule/core":abstract-message-processor, "http://www.mulesoft.org/schema/mule/core":abstract-mixed-content-message-processor, "http://www.mulesoft.org/schema/mule/core":response}'.
org.xml.sax.SAXParseException; lineNumber: 16; columnNumber: 51; cvc-complex-type.2.4.a: Se ha encontrado contenido no válido a partir del elemento 'basic:retrieve-info'. Se esperaba uno de '{"http://www.mulesoft.org/schema/mule/core":annotations, "http://www.mulesoft.org/schema/mule/core":description, "http://www.mulesoft.org/schema/mule/core":abstract-message-source, "http://www.mulesoft.org/schema/mule/core":abstract-message-processor, "http://www.mulesoft.org/schema/mule/core":abstract-mixed-content-message-processor, "http://www.mulesoft.org/schema/mule/core":response}'.

Caused by: org.mule.runtime.api.exception.MuleRuntimeException: 
There were '6' errors while parsing the given file 'test-mule-config.xml'.
Full list:
org.xml.sax.SAXParseException; lineNumber: 7; columnNumber: 53; cvc-complex-type.3.2.2: No está permitido que el atributo 'configId' aparezca en el elemento 'basic:config'.
org.xml.sax.SAXParseException; lineNumber: 7; columnNumber: 53; cvc-complex-type.4: El atributo 'protocol' debe aparecer en el elemento 'basic:config'.
org.xml.sax.SAXParseException; lineNumber: 7; columnNumber: 53; cvc-complex-type.4: El atributo 'host' debe aparecer en el elemento 'basic:config'.
org.xml.sax.SAXParseException; lineNumber: 7; columnNumber: 53; cvc-complex-type.4: El atributo 'port' debe aparecer en el elemento 'basic:config'.
org.xml.sax.SAXParseException; lineNumber: 12; columnNumber: 50; cvc-complex-type.2.4.a: Se ha encontrado contenido no válido a partir del elemento 'basic:say-hi'. Se esperaba uno de '{"http://www.mulesoft.org/schema/mule/core":annotations, "http://www.mulesoft.org/schema/mule/core":description, "http://www.mulesoft.org/schema/mule/core":abstract-message-source, "http://www.mulesoft.org/schema/mule/core":abstract-message-processor, "http://www.mulesoft.org/schema/mule/core":abstract-mixed-content-message-processor, "http://www.mulesoft.org/schema/mule/core":response}'.
org.xml.sax.SAXParseException; lineNumber: 16; columnNumber: 51; cvc-complex-type.2.4.a: Se ha encontrado contenido no válido a partir del elemento 'basic:retrieve-info'. Se esperaba uno de '{"http://www.mulesoft.org/schema/mule/core":annotations, "http://www.mulesoft.org/schema/mule/core":description, "http://www.mulesoft.org/schema/mule/core":abstract-message-source, "http://www.mulesoft.org/schema/mule/core":abstract-message-processor, "http://www.mulesoft.org/schema/mule/core":abstract-mixed-content-message-processor, "http://www.mulesoft.org/schema/mule/core":response}'.

</error>
    <system-out><![CDATA[
================================================================================
= Testing: executeSayHiOperation                                               =
================================================================================
]]></system-out>
  </testcase>
</testsuite>